Case #1:
10000000000000101 3 7 3 3 31 3 3 7 3
10000000000001011 3 4 5 3 7 4 3 4 7
10000000000010111 3 5 13 3 5 43 3 43 7
10000000000011001 53 5 1231 4 11 103 5 4 331
10000000000011101 3 11 11 3 5 5 3 11 41
10000000000100001 7 5 3 31 43 3 5 7 3
10000000000100011 3 4 5 3 7 4 3 4 11
10000000000101001 3 4 5 3 7 4 3 4 11
10000000000101111 3 4 3 3 7 3 3 5 3
10000000000110001 5 7 263 4 19 5 29 4 7
10000000000111011 3 4 3 3 7 3 3 5 3
10000000000111101 7 13 3 31 13 3 11 7 3
10000000001000001 3 17 3 3 11 3 3 83 3
10000000001000101 5 4 17 4 19 4 5 4 101
10000000001001101 3 7 13 3 5 43 3 17 7
10000000001001111 5 5 3 13 29 3 5 31 3
10000000001010011 3 5 7 3 5 389 3 11 107
10000000001010111 137 4 3 23 113 3 29 331 3
10000000001011001 3 19 25643 3 5 5 3 7 377197
10000000001011011 29 757 3 19 11 3 23 19 3
10000000001011111 3 7 13 3 17 43 3 73 7
10000000001100111 7 13 3 31 43 3 41 7 3
10000000001101011 3 4 3 3 7 3 3 5 3
10000000001101101 5 5 3 13 37 3 5 41 3
10000000001110001 3 5 59 3 5 11 3 19 3253
10000000001110101 7 4 3 31 11 3 73 7 3
10000000001111011 11 5 43 19531 1907 29 5 547 23
10000000010000011 3 4 5 3 7 4 3 4 11
10000000010000101 97 11 4877 4 157 13 61211 4 3119
10000000010001001 3 4 5 3 7 4 3 4 7
10000000010001111 3 4 3 3 7 3 3 5 3
10000000010010101 3 7 13 3 5 5 3 73 7
10000000010011001 13 11 7 11 5 677 13 11 19
10000000010011011 3 4 3 3 7 3 3 5 3
10000000010100001 3 4 5 3 7 4 3 4 11
10000000010100111 3 4 3 3 7 3 3 5 3
10000000010101101 3 4 3 3 7 3 3 5 3
10000000010110011 3 4 3 3 7 3 3 5 3
10000000010111001 3 4 3 3 7 3 3 5 3
10000000010111111 3 4 5 3 7 4 3 4 7
10000000011000111 5 5 3 11 37 3 5 41 3
10000000011001001 7 5 29 36151 5 4463 5 7 653
10000000011001011 3 4 3 3 7 3 3 5 3
10000000011001101 13 53 3 19 1277 3 61 25609 3
10000000011001111 29 11 37 23 23 1367 7 83 53
10000000011010001 3 1451 7 3 5 5 3 21701 59
10000000011010011 11 37 3 59 17 3 31 7197011 3
10000000011011001 47 17 3 37 41 3 2929519 34259 3
10000000011011101 3 5 13 3 31 13 3 19 7
10000000011100011 3 4 3 3 7 3 3 5 3
