Case #1:
10000000000000000000000000000001 3 4 5 3 7 4 3 5 11
10000000000000000000000000000011 83 7 3 11 23 3 569 173 3
10000000000000000000000000000101 7 13 3 31 43 3 73 7 3
10000000000000000000000000000111 3 4 5 3 7 4 3 4 11
10000000000000000000000000001101 3 4 5 3 7 4 3 4 11
10000000000000000000000000001111 13 149 197123 7 5 11 859 479 1021
10000000000000000000000000010001 5 67 3 43 4423 3 6197 127 3
10000000000000000000000000010011 3 4 5 3 7 4 3 4 11
10000000000000000000000000010101 29 479 397 4 193 13 11 4 13513
10000000000000000000000000011001 3 4 5 3 7 4 3 4 7
10000000000000000000000000011101 31 5 11 11 5 419 5 11 41
10000000000000000000000000011111 3 4 3 3 7 3 3 5 3
10000000000000000000000000100001 7 13 3 31 41 3 73 7 3
10000000000000000000000000100101 3 4 5 3 7 4 3 4 11
10000000000000000000000000101011 3 163 19 3 5 151 3 149 1723
10000000000000000000000000101111 5 5 3 13 11 3 5 7 3
10000000000000000000000000110001 3 4 5 3 7 4 3 4 11
10000000000000000000000000110111 3 4 3 3 7 3 3 5 3
10000000000000000000000000111001 5 317 47 23 5 5 83 523 23
10000000000000000000000000111011 17 41 3 313 1297 3 17 17 3
10000000000000000000000000111101 3 4 3 3 7 3 3 5 3
10000000000000000000000001000011 3 4 5 3 7 4 3 4 11
10000000000000000000000001000111 709 17 13 293 5 263 2663 137 67
10000000000000000000000001001001 3 4 5 3 7 4 3 4 11
10000000000000000000000001001011 7 7 11 223 5 103 113 7 7
10000000000000000000000001001111 3 4 3 3 7 3 3 5 3
10000000000000000000000001010111 5 5 3 13 37 3 5 19 3
10000000000000000000000001011011 3 4 3 3 7 3 3 5 3
10000000000000000000000001011101 13 41 3 313 71 3 17 17 3
10000000000000000000000001100001 3 4 5 3 7 4 3 4 11
10000000000000000000000001100111 3 4 3 3 7 3 3 5 3
10000000000000000000000001101011 5 5 3 7 23 3 5 41 3
10000000000000000000000001101101 3 4 3 3 7 3 3 5 3
10000000000000000000000001101111 19 7 67 41 733 13 7 71 7
10000000000000000000000001110011 3 4 3 3 7 3 3 5 3
10000000000000000000000001110101 5 5 3 13 37 3 5 7 3
10000000000000000000000001110111 11 1093 11 7 53 29 7 547 239
10000000000000000000000001111001 3 4 3 3 7 3 3 5 3
10000000000000000000000001111111 3 4 5 3 7 4 3 4 11
10000000000000000000000010000101 3 4 5 3 7 4 3 4 11
10000000000000000000000010001001 5 359 2179 4 11 5 167 4 23
10000000000000000000000010001111 359 37 3 23 13 3 61 71 3
10000000000000000000000010010001 3 4 5 3 7 4 3 4 11
10000000000000000000000010010011 5 7 887 53 5 5 239 71 7
10000000000000000000000010010101 19 5 223 19 5 11 5 17 7417
10000000000000000000000010010111 3 4 3 3 7 3 3 5 3
10000000000000000000000010011001 31 11 7 11 5 37 31 11 41
10000000000000000000000010011101 3 4 3 3 7 3 3 5 3
10000000000000000000000010100011 3 1429 463 3 5 41 3 541 17
10000000000000000000000010100111 5 5 3 13 37 3 5 41 3
10000000000000000000000010101011 13 4 3 179 349 3 25237 59 3
10000000000000000000000010101101 7 13 3 31 43 3 73 7 3
10000000000000000000000010110001 5 23 607 269 5 5 41 43 19
10000000000000000000000010110011 11197 16427 3 7 307 3 11 487 3
10000000000000000000000010110101 3 4 3 3 7 3 3 5 3
10000000000000000000000010110111 2207 7 7 83 67 241 7 11 7
10000000000000000000000010111001 11 31 3 17 28723 3 23 16763 3
10000000000000000000000011000001 3 4 5 3 7 4 3 4 11
10000000000000000000000011000111 3 4 3 3 7 3 3 5 3
10000000000000000000000011001011 73 757 3 19 11 3 1789 19 3
10000000000000000000000011001101 3 4 3 3 7 3 3 5 3
10000000000000000000000011010011 3 4 3 3 7 3 3 5 3
10000000000000000000000011011001 3 4 3 3 7 3 3 5 3
10000000000000000000000011011111 3 4 5 3 7 4 3 4 11
10000000000000000000000011100001 19 1433 149 17 5 7883 947 17 13
10000000000000000000000011100011 5 5 3 13 37 3 5 11 3
10000000000000000000000011100101 3 4 3 3 7 3 3 5 3
10000000000000000000000011101011 3 17 269 3 17 14813 3 5077 443
10000000000000000000000011101101 5 7 5861 11 5483 5 7 23 7
10000000000000000000000011110001 3 4 3 3 7 3 3 5 3
10000000000000000000000011110011 7 139 11 151 132667 13 7 7 13
10000000000000000000000011110111 3 4 5 3 7 4 3 4 11
10000000000000000000000011111011 11 23 7 4 13 991 1787 4 8101
10000000000000000000000011111101 3 4 5 3 7 4 3 4 11
10000000000000000000000100000001 5 13 3 31 11 3 17 7 3
10000000000000000000000100000011 3 4 5 3 7 4 3 4 11
10000000000000000000000100001001 3 4 5 3 7 4 3 4 11
10000000000000000000000100001111 3 4 3 3 7 3 3 5 3
10000000000000000000000100010011 13 47 163 131 5 13 37 647 47
10000000000000000000000100010101 3 11 11 3 5 5 3 11 41
10000000000000000000000100011011 3 4 3 3 7 3 3 5 3
10000000000000000000000100011101 7 13 3 17 43 3 11 7 3
10000000000000000000000100100001 3 4 5 3 7 4 3 4 11
10000000000000000000000100100111 3 4 3 3 7 3 3 5 3
10000000000000000000000100101001 5 239 2711 131 5 5 199 113 359
10000000000000000000000100101011 7 13 3 31 43 3 73 7 3
10000000000000000000000100101101 3 4 3 3 7 3 3 5 3
10000000000000000000000100110011 3 4 3 3 7 3 3 5 3
10000000000000000000000100110101 439 109 3 83 11 3 491 227 3
10000000000000000000000100111001 3 4 3 3 7 3 3 5 3
10000000000000000000000100111101 5 105499 29 47 41 5 7 101 17
10000000000000000000000100111111 3 4 5 3 7 4 3 4 11
10000000000000000000000101000111 5 5 3 13 13 3 5 7 3
10000000000000000000000101001011 3 4 3 3 7 3 3 5 3
10000000000000000000000101010101 7 4 3 31 17 3 71 7 3
10000000000000000000000101100011 3 4 3 3 7 3 3 5 3
10000000000000000000000101100101 5 5 3 13 37 3 5 41 3
10000000000000000000000101101001 3 4 3 3 7 3 3 5 3
10000000000000000000000101101111 3 4 5 3 7 4 3 4 11
10000000000000000000000101110001 7 13 3 31 43 3 29 7 3
10000000000000000000000101110101 3 19 43 3 89 13 3 167 239
10000000000000000000000101111011 3 4 5 3 7 4 3 4 11
10000000000000000000000101111111 7 13 3 31 43 3 43 7 3
10000000000000000000000110000001 3 4 5 3 7 4 3 4 11
10000000000000000000000110000011 5 41131 172849 353 5 5 7873 227 193
10000000000000000000000110000111 3 4 3 3 7 3 3 5 3
10000000000000000000000110001101 3 4 3 3 7 3 3 5 3
10000000000000000000000110010001 31 11 11 11 5 2801 13 11 41
10000000000000000000000110010011 3 4 3 3 7 3 3 5 3
10000000000000000000000110010111 5 41 7 89 19 5 7 53003 13
10000000000000000000000110011001 3 4 3 3 7 3 3 5 3
10000000000000000000000110011111 3 4 5 3 7 4 3 4 11
10000000000000000000000110100001 5 7 19 1783 5 5 4517 29 7
10000000000000000000000110100101 3 4 3 3 7 3 3 5 3
10000000000000000000000110101001 7 13 3 31 43 3 73 7 3
10000000000000000000000110110001 3 4 3 3 7 3 3 5 3
10000000000000000000000110110111 3 4 5 3 7 4 3 4 11
10000000000000000000000110111101 3 4 5 3 7 4 3 4 11
10000000000000000000000111000001 11 5 13 43 5 29 5 23 19
10000000000000000000000111000011 3 4 3 3 7 3 3 5 3
10000000000000000000000111000101 7 13 3 31 43 3 73 7 3
10000000000000000000000111000111 977 11 29 421 11 131 7 337 17
10000000000000000000000111001001 3 4 3 3 7 3 3 5 3
10000000000000000000000111001111 3 4 5 3 7 4 3 4 7
10000000000000000000000111010011 5 19 13 61 41 5 7 7 2069
10000000000000000000000111011011 3 4 5 3 7 4 3 4 11
10000000000000000000000111011111 1051 5 3 17 1237 3 5 83 3
10000000000000000000000111100001 3 4 3 3 7 3 3 5 3
10000000000000000000000111100101 29 53 13 11 17 21787 7 1823 19423
10000000000000000000000111100111 3 4 5 3 7 4 3 4 11
10000000000000000000000111101011 19 281 13 4 13163 293 23 4 41
10000000000000000000000111101101 3 4 5 3 7 4 3 4 11
10000000000000000000000111101111 7 13 3 19 19 3 17 7 3
10000000000000000000000111110011 3 4 5 3 7 4 3 4 11
10000000000000000000000111110101 17 7 29 4 1979 71 113 4 7
10000000000000000000000111111001 3 4 5 3 7 4 3 4 11
10000000000000000000000111111101 7 5 3 31 43 3 5 7 3
10000000000000000000000111111111 3 4 5 3 5 4 3 5 11
10000000000000000000001000000101 3 4 5 3 7 4 3 4 11
10000000000000000000001000001101 31 11 11 11 5 17 31 11 41
10000000000000000000001000001111 5 5 3 13 37 3 5 41 3
10000000000000000000001000010001 3 4 5 3 7 4 3 4 7
10000000000000000000001000010111 3 4 3 3 7 3 3 5 3
10000000000000000000001000011101 3 4 3 3 7 3 3 5 3
10000000000000000000001000100011 3 31 1097 3 5 5 3 53 31
10000000000000000000001000100111 7 13 3 31 43 3 73 7 3
10000000000000000000001000101001 3 7 13 3 5 23 3 37 7
10000000000000000000001000101101 5 5 3 13 37 3 5 41 3
10000000000000000000001000110101 3 4 3 3 7 3 3 5 3
10000000000000000000001000111001 17 41 3 313 557 3 17 17 3
10000000000000000000001000111011 3 5 13 3 31 43 3 11 7
10000000000000000000001001000001 3 4 5 3 7 4 3 4 11
10000000000000000000001001000011 7 7 227 809 5 89 43 7 7
10000000000000000000001001000111 3 4 3 3 7 3 3 5 3
10000000000000000000001001001011 5 5 3 13 13 3 5 41 3
10000000000000000000001001001101 3 4 3 3 7 3 3 5 3
10000000000000000000001001010001 7 509 290137 2467 5 47 179 7 631
10000000000000000000001001010011 3 4 3 3 7 3 3 5 3
10000000000000000000001001010101 5 5 3 13 19 3 5 11 3
10000000000000000000001001011001 3 4 3 3 7 3 3 5 3
10000000000000000000001001011101 19 17 7 29 11 8353 7 6569 31
10000000000000000000001001011111 3 4 5 3 7 4 3 4 11
10000000000000000000001001100101 3 4 3 3 7 3 3 5 3
10000000000000000000001001101001 5 5 3 13 37 3 5 41 3
10000000000000000000001001101011 3 161753 7 3 8707 107 3 239 29
10000000000000000000001001110001 3 4 3 3 7 3 3 5 3
10000000000000000000001001110011 5 1093 43 19 467 5 7 547 239
10000000000000000000001001110111 3 4 5 3 7 4 3 4 11
10000000000000000000001001111011 7 31 1609 4 2131 293 733 4 157
10000000000000000000001001111101 3 4 5 3 7 4 3 4 7
10000000000000000000001001111111 13 11 3 17 5261 3 120779 222991 3
10000000000000000000001010000011 3 19 7 3 5 11551 3 530713 19
10000000000000000000001010000101 89 41 463 7 5 31 29 37 1033
10000000000000000000001010000111 5 5 3 13 19 3 5 41 3
10000000000000000000001010001001 3 5 11 3 5 13 3 7 41
10000000000000000000001010010101 3 4 3 3 7 3 3 5 3
10000000000000000000001010011001 13 2383 3 1783 11 3 765827 863 3
10000000000000000000001010011101 11 5 1019 173 22501 23 5 163 23
10000000000000000000001010011111 17 7 7 4 3389 13 1283 4 7
10000000000000000000001010100101 5 5 3 11 37 3 5 7 3
10000000000000000000001010100111 3 41 149 3 59 11 3 11 23
10000000000000000000001010101111 5 4 17 4 37 4 5 4 101
10000000000000000000001010110011 3 5 269 3 72047 23 3 7 181
10000000000000000000001010110101 307 997 11 383 43049 17377 7 17 829
10000000000000000000001010111001 3 7 13 3 13 5 3 73 7
10000000000000000000001011000011 5 5 3 13 37 3 5 41 3
10000000000000000000001011000101 3 4 3 3 7 3 3 5 3
10000000000000000000001011000111 31 263 2269 199 137 349 7 29 71
10000000000000000000001011010001 3 4 3 3 7 3 3 5 3
10000000000000000000001011010011 43 7 107 1097 103 4561 7 13 7
10000000000000000000001011010111 3 4 5 3 7 4 3 4 11
10000000000000000000001011011011 47 228479 11 4 11 17 6101 4 47
10000000000000000000001011011101 3 4 5 3 7 4 3 4 11
10000000000000000000001011100001 5 5 3 7 37 3 5 37 3
10000000000000000000001011100111 13 11 13 4 23 41 97 4 19
10000000000000000000001011101011 5 4 17 4 37 4 5 4 7
10000000000000000000001011101111 3 627559 3 3 211 3 3 337 3
10000000000000000000001011110011 37 17 7 4 59333 653 311 4 5273
10000000000000000000001011110101 3 4 5 3 7 4 3 4 11
10000000000000000000001011111011 3 11 3 3 2521 3 3 83 3
10000000000000000000001011111111 5 5 17 13 5 5 5 41 101
10000000000000000000001100000001 3 4 5 3 7 4 3 4 11
10000000000000000000001100000101 17 7 11 11 5 23 31 11 7
10000000000000000000001100000111 3 4 3 3 7 3 3 5 3
10000000000000000000001100001101 3 4 3 3 7 3 3 5 3
10000000000000000000001100010011 3 4 3 3 7 3 3 5 3
10000000000000000000001100010101 7 13 3 31 43 3 43 7 3
10000000000000000000001100011001 3 4 3 3 7 3 3 5 3
10000000000000000000001100011011 13 73 11 53 13 13 7 6481 313
10000000000000000000001100011101 5 224669 331 7 131927 5 7 103 709
10000000000000000000001100011111 3 4 5 3 7 4 3 4 11
10000000000000000000001100100001 11 5 37 14543 5 31 5 126037 151
10000000000000000000001100100011 7 13 3 31 43 3 73 7 3
10000000000000000000001100100101 3 4 3 3 7 3 3 5 3
10000000000000000000001100101111 373 7 883 4 19 17 787489 4 7
10000000000000000000001100110001 3 4 3 3 7 3 3 5 3
10000000000000000000001100110111 3 4 5 3 7 4 3 4 11
10000000000000000000001100111101 3 4 5 3 7 4 3 4 11
10000000000000000000001100111111 7 5 3 31 43 3 5 7 3
10000000000000000000001101000001 19 229 347 17627 5 311 7057 17 283
10000000000000000000001101000011 3 4 3 3 7 3 3 5 3
10000000000000000000001101000101 5 5 3 7 37 3 5 41 3
10000000000000000000001101001001 3 4 3 3 7 3 3 5 3
10000000000000000000001101001111 3 4 5 3 7 4 3 4 11
10000000000000000000001101010001 30757 12457 3 11 107 3 41 89 3
10000000000000000000001101010101 3 127 7901 3 433 31 3 587 199
10000000000000000000001101010111 38903 179 11 4 17 11 389 4 157
10000000000000000000001101011011 3 4 5 3 7 4 3 4 11
10000000000000000000001101011111 41 7 3 29 59 3 17 37 3
10000000000000000000001101100001 3 4 3 3 7 3 3 5 3
10000000000000000000001101100011 5 7 103 151 503 5 7 17 7
10000000000000000000001101100111 3 4 5 3 7 4 3 4 11
10000000000000000000001101101001 7 11 33827 149 89 67 7 7 273629
10000000000000000000001101101011 17 1303 1789 4 297617 23 31 4 177917
10000000000000000000001101101101 3 4 5 3 7 4 3 4 11
10000000000000000000001101110001 127 5 43 19531 13 29 5 11 239
10000000000000000000001101110011 3 4 5 3 7 4 3 4 11
10000000000000000000001101110101 4877 149 23 4 337 83 919 4 31
10000000000000000000001101110111 5 11 3 31 23 3 11 7 3
10000000000000000000001101111001 3 4 5 3 7 4 3 4 7
10000000000000000000001101111111 3 4 5 3 5 4 3 5 11
10000000000000000000001110000001 5 11 11 7 5 5 31 11 41
10000000000000000000001110000011 13 17 3 17 17 3 97 19 3
10000000000000000000001110000101 3 4 3 3 7 3 3 5 3
10000000000000000000001110001111 11 571 20981 4 4967 1697 487 4 10957
10000000000000000000001110010001 3 4 3 3 7 3 3 5 3
10000000000000000000001110010111 3 4 5 3 7 4 3 4 11
10000000000000000000001110011101 3 4 5 3 7 4 3 4 11
10000000000000000000001110100001 7 13 3 31 43 3 11 7 3
10000000000000000000001110100011 3 5 41 3 673 2819 3 1051 54449
10000000000000000000001110101011 457 4 691 4 11 4 4463 4 1531
10000000000000000000001110101111 3 13 3 3 43 3 3 7 3
10000000000000000000001110110101 3 4 5 3 7 4 3 4 11
10000000000000000000001110110111 13 5 3 7 601 3 5 4051 3
10000000000000000000001110111101 5 13 3 23 13 3 73 7 3
10000000000000000000001110111111 31 7 11 11 5 2801 31 11 7
10000000000000000000001111000001 3 4 3 3 7 3 3 5 3
10000000000000000000001111000111 3 4 5 3 7 4 3 4 7
10000000000000000000001111001101 3 4 5 3 7 4 3 4 11
10000000000000000000001111001111 31379 17 3 981493 41 3 19 3049 3
10000000000000000000001111010011 3 4 5 3 7 4 3 4 11
10000000000000000000001111010101 43 17 97 4 6067 8527 503 4 251
10000000000000000000001111011001 3 4 5 3 7 4 3 4 11
10000000000000000000001111011111 3 4 5 3 5 4 3 5 11
10000000000000000000001111100101 3 4 5 3 7 4 3 4 11
10000000000000000000001111100111 7 13 3 31 17 3 73 7 3
10000000000000000000001111101111 5 5 17 13 5 5 5 29 13
10000000000000000000001111110001 3 4 5 3 7 4 3 4 11
10000000000000000000001111110101 7 13 3 31 43 3 73 7 3
10000000000000000000001111110111 3 4 5 3 5 4 3 5 11
10000000000000000000001111111001 5 19 3 47 383 3 3319 1201 3
10000000000000000000001111111101 3 4 5 3 5 4 3 5 11
10000000000000000000010000000001 71 59 3 17 191 3 1789 11 3
10000000000000000000010000000011 3 4 5 3 7 4 3 4 11
10000000000000000000010000001001 3 4 5 3 7 4 3 4 7
10000000000000000000010000001111 3 4 3 3 7 3 3 5 3
10000000000000000000010000010101 3 7 13 3 5 43 3 73 7
10000000000000000000010000010111 5 5 3 13 19 3 5 41 3
10000000000000000000010000011011 3 4 3 3 7 3 3 5 3
10000000000000000000010000011101 149 61 3 19 13 3 3701 491 3
10000000000000000000010000100001 3 4 5 3 7 4 3 4 11
10000000000000000000010000100111 3 4 3 3 7 3 3 5 3
10000000000000000000010000101001 11 11 19 1579 5 41 211 11551 19
10000000000000000000010000101011 5 5 3 13 37 3 5 41 3
10000000000000000000010000101101 3 4 3 3 7 3 3 5 3
10000000000000000000010000110011 3 4 3 3 7 3 3 5 3
10000000000000000000010000110101 5 5 3 13 37 3 5 41 3
10000000000000000000010000110111 17 11 7 79 13 79 7 317 23
10000000000000000000010000111001 3 4 3 3 7 3 3 5 3
10000000000000000000010000111111 3 4 5 3 7 4 3 4 7
10000000000000000000010001000011 163 11 7 7 5 37 77569 269 17
10000000000000000000010001001011 3 4 3 3 7 3 3 5 3
10000000000000000000010001001101 571 11 3 29 9397 3 379 461 3
10000000000000000000010001010001 3 71 7 3 5 257 3 4943 257
10000000000000000000010001010011 5 5 3 13 13 3 5 41 3
10000000000000000000010001010101 11 4 3 461 1861 3 23 19 3
10000000000000000000010001011001 17 29 3 313 29 3 17 17 3
10000000000000000000010001011101 3 7 13 3 31 5 3 73 7
10000000000000000000010001100011 3 4 3 3 7 3 3 5 3
10000000000000000000010001100101 7 13 3 31 43 3 73 7 3
10000000000000000000010001101001 3 4 3 3 7 3 3 5 3
10000000000000000000010001101111 3 4 5 3 7 4 3 4 11
10000000000000000000010001110001 5 5 3 7 37 3 5 29 3
10000000000000000000010001110011 7 7 47 17 139 11 7 7 7
10000000000000000000010001110101 3 11 578401 3 59 277 3 4093 59
10000000000000000000010001111011 3 4 5 3 7 4 3 4 11
10000000000000000000010010000001 3 4 5 3 7 4 3 4 11
10000000000000000000010010000111 3 4 3 3 7 3 3 5 3
10000000000000000000010010001101 3 4 3 3 7 3 3 5 3
10000000000000000000010010010011 3 4 3 3 7 3 3 5 3
10000000000000000000010010011001 3 4 3 3 7 3 3 5 3
10000000000000000000010010011011 89 5 227 17 677 17 5 317 61
10000000000000000000010010011111 3 4 5 3 7 4 3 4 11
10000000000000000000010010100001 13 378593 43609 11 5 10007 11 659 383
10000000000000000000010010100011 5 5 3 7 37 3 5 41 3
10000000000000000000010010100101 3 4 3 3 7 3 3 5 3
10000000000000000000010010101101 5 167 3257 563 13 5 7 71 1399
10000000000000000000010010110001 3 4 3 3 7 3 3 5 3
10000000000000000000010010110111 3 4 5 3 7 4 3 4 11
10000000000000000000010010111101 3 4 5 3 7 4 3 4 7
10000000000000000000010010111111 17 2543 3 5197 283 3 37 1627 3
10000000000000000000010011000001 5 31 7 7 5 5 345811 71 103
10000000000000000000010011000011 3 4 3 3 7 3 3 5 3
10000000000000000000010011001001 3 4 3 3 7 3 3 5 3
10000000000000000000010011001111 3 4 5 3 7 4 3 4 11
10000000000000000000010011010001 277 14537 3 209887 349 3 61 47 3
10000000000000000000010011010101 3 37 313 3 11 5 3 7 665501
10000000000000000000010011011011 3 4 5 3 7 4 3 4 11
10000000000000000000010011100001 3 4 3 3 7 3 3 5 3
10000000000000000000010011100111 3 4 5 3 7 4 3 4 11
10000000000000000000010011101101 3 4 5 3 7 4 3 4 11
10000000000000000000010011110001 7 7 19 46589 23 587371 7 7 7
10000000000000000000010011110011 3 4 5 3 7 4 3 4 11
10000000000000000000010011111001 3 4 5 3 7 4 3 4 11
10000000000000000000010011111111 3 4 5 3 5 4 3 5 11
10000000000000000000010100000111 5 5 3 7 37 3 5 41 3
10000000000000000000010100001011 3 4 3 3 7 3 3 5 3
10000000000000000000010100001101 7 13 3 31 11 3 73 7 3
10000000000000000000010100001111 47 7 11 211 13 3037 7 149 7
10000000000000000000010100010001 3 7 13 3 5 5 3 73 7
10000000000000000000010100010111 3 313 7 3 41 11 3 1493 590929
10000000000000000000010100011001 23 37 3 5119 17 3 43 11 3
10000000000000000000010100100011 3 4 3 3 7 3 3 5 3
10000000000000000000010100100101 5 5 3 13 37 3 5 41 3
10000000000000000000010100101001 3 4 3 3 7 3 3 5 3
10000000000000000000010100101111 3 4 5 3 7 4 3 4 11
10000000000000000000010100110101 3 7 13 3 31 37 3 73 7
10000000000000000000010100110111 7 131 21613 4 157 55219 97 4 269
10000000000000000000010100111011 3 4 5 3 7 4 3 4 7
10000000000000000000010100111101 13 17 11 4 4153 981373 11 4 11257
10000000000000000000010101000001 3 131 67 3 5 11 3 59 5441
10000000000000000000010101000011 5 5 3 13 37 3 5 23 3
10000000000000000000010101000101 7 4 3 31 43 3 73 7 3
10000000000000000000010101000111 3 967 157 3 17 71 3 1549 151
10000000000000000000010101001101 3 1789 11 3 373 5 3 89 4759
10000000000000000000010101001111 103 17 19 4 11 655157 1039 4 41
10000000000000000000010101010101 19 17 5 19 1033 59 7 5 9043
10000000000000000000010101010111 5 4 17 4 13 4 5 4 101
10000000000000000000010101011001 3 5 13 3 11 43 3 19 7
10000000000000000000010101100001 5 5 3 13 37 3 5 7 3
10000000000000000000010101100011 239 29 53 7 11 17 7 11 163
10000000000000000000010101100111 353 7 5849 4 41 11 61 4 7
10000000000000000000010101101011 3 4 5 3 7 4 3 4 11
10000000000000000000010101101111 7 13 3 17 43 3 73 7 3
10000000000000000000010101110101 5 4 17 4 37 4 5 4 79
10000000000000000000010101110111 3 19 3 3 44257 3 3 31 3
10000000000000000000010101111011 19 18287 3 19 13 3 101 461 3
10000000000000000000010101111101 3 7 3 3 17 3 3 7 3
10000000000000000000010101111111 5 5 17 13 5 5 5 41 101
10000000000000000000010110000011 3 4 3 3 7 3 3 5 3
10000000000000000000010110000101 29 17 3 7 17 3 67 11 3
10000000000000000000010110001001 3 4 3 3 7 3 3 5 3
10000000000000000000010110001011 7 5 11 7 11 11 5 7 29
10000000000000000000010110001101 37 7 8741 29 149 13907 7 293 7
10000000000000000000010110001111 3 4 5 3 7 4 3 4 11
10000000000000000000010110010101 3 5 7 3 19 13 3 317 953
10000000000000000000010110011011 3 4 5 3 7 4 3 4 11
10000000000000000000010110100001 3 4 3 3 7 3 3 5 3
10000000000000000000010110100011 23 7 7 19 4099 73 7 263 7
10000000000000000000010110100111 3 4 5 3 7 4 3 4 11
10000000000000000000010110101101 3 4 5 3 7 4 3 4 11
10000000000000000000010110101111 31 950423 3 7 2963 3 2179 281 3
10000000000000000000010110110011 3 4 5 3 7 4 3 4 11
10000000000000000000010110111001 3 4 5 3 7 4 3 4 7
10000000000000000000010110111101 317 5 3 73 71 3 5 223 3
10000000000000000000010110111111 3 4 5 3 5 4 3 5 11
10000000000000000000010111001011 3 4 5 3 7 4 3 4 11
10000000000000000000010111010011 67 7 23 4 19 127 83 4 7
10000000000000000000010111011001 5 337 7 4 59 5 523 4 107699
10000000000000000000010111011011 28499 5 3 2237 1091 3 5 11 3
10000000000000000000010111100011 3 4 5 3 7 4 3 4 11
10000000000000000000010111100101 173 7 61 4 23 313 981527 4 7
10000000000000000000010111100111 617 587 3 907657 11 3 977 719 3
10000000000000000000010111101001 3 4 5 3 7 4 3 4 11
10000000000000000000010111101101 5 13 3 19 19 3 73 7 3
10000000000000000000010111101111 3 4 5 3 5 4 3 5 11
10000000000000000000010111110111 5 5 7 13 5 5 5 41 7
10000000000000000000010111111011 3 4 5 3 5 4 3 5 11
10000000000000000000010111111111 23 11 23 241 23 11 23 23 21649
10000000000000000000011000000001 3 4 5 3 7 4 3 4 7
10000000000000000000011000000011 1789 53 7 17 5 13 3701 17 3833
10000000000000000000011000000111 3 4 3 3 7 3 3 5 3
10000000000000000000011000001001 7 19 229 251 5 409 29 7 83
10000000000000000000011000001011 5 5 3 13 37 3 5 41 3
10000000000000000000011000001101 3 4 3 3 7 3 3 5 3
10000000000000000000011000010011 3 4 3 3 7 3 3 5 3
10000000000000000000011000010101 5 5 3 13 11 3 5 41 3
10000000000000000000011000011001 3 4 3 3 7 3 3 5 3
10000000000000000000011000011111 3 4 5 3 7 4 3 4 11
10000000000000000000011000100011 11 47 3 11 49019 3 23 937 3
10000000000000000000011000100101 3 4 3 3 7 3 3 5 3
10000000000000000000011000101001 5 5 3 13 37 3 5 41 3
10000000000000000000011000101011 3 7 13 3 11 29 3 73 7
10000000000000000000011000110001 3 4 3 3 7 3 3 5 3
10000000000000000000011000110111 3 4 5 3 7 4 3 4 7
10000000000000000000011000111011 563 11 7 4 197 103 293 4 23
10000000000000000000011000111101 3 4 5 3 7 4 3 4 11
10000000000000000000011001000011 3 4 3 3 7 3 3 5 3
10000000000000000000011001001001 3 4 3 3 7 3 3 5 3
10000000000000000000011001001111 3 4 5 3 7 4 3 4 11
10000000000000000000011001010001 5 5 3 13 37 3 5 41 3
10000000000000000000011001010101 3 7 13 3 31 43 3 73 7
10000000000000000000011001011001 67 13 397 266921 24841 17 7 11 23
10000000000000000000011001011011 3 4 5 3 7 4 3 4 7
10000000000000000000011001011111 19 11 3 47 19 3 23 23 3
10000000000000000000011001100001 3 4 3 3 7 3 3 5 3
10000000000000000000011001100101 5 11 853 41 29 5 7 23 359
10000000000000000000011001100111 3 4 5 3 7 4 3 4 11
10000000000000000000011001101001 31 43 7 17 13 11 7 1667 17
10000000000000000000011001101101 3 4 5 3 7 4 3 4 7
10000000000000000000011001110011 3 4 5 3 7 4 3 4 11
10000000000000000000011001111001 3 4 5 3 7 4 3 4 11
10000000000000000000011001111111 3 4 5 3 5 4 3 5 7
10000000000000000000011010000001 1619 41 7 742073 5 773 859 6823 409
10000000000000000000011010000011 5 5 3 13 23 3 5 41 3
10000000000000000000011010000101 3 4 3 3 7 3 3 5 3
10000000000000000000011010000111 7 3137 41 7 719 4679 7 7 499
10000000000000000000011010001011 3 1193 61 3 271 1051 3 13 17
10000000000000000000011010001111 13 7 7 4 127 89 1481 4 7
10000000000000000000011010010001 3 4 3 3 7 3 3 5 3
10000000000000000000011010010011 41 431 79 11 11 11 7 5821 233
10000000000000000000011010010111 3 4 5 3 7 4 3 4 11
10000000000000000000011010011101 3 4 5 3 7 4 3 4 11
10000000000000000000011010100001 5 5 3 13 13 3 5 41 3
10000000000000000000011010100111 11 59 37 4 401 307 211 4 29
10000000000000000000011010101001 3 7 13 3 31 43 3 73 7
10000000000000000000011010101011 5 4 7 4 37 4 5 4 101
10000000000000000000011010101111 3 29 3 3 11 3 3 373 3
10000000000000000000011010110101 3 4 5 3 7 4 3 4 7
10000000000000000000011010111011 3 7 3 3 31 3 3 71 3
10000000000000000000011010111111 5 5 17 13 5 5 5 7 101
10000000000000000000011011000001 3 4 3 3 7 3 3 5 3
10000000000000000000011011000111 3 4 5 3 7 4 3 4 11
10000000000000000000011011001101 3 4 5 3 7 4 3 4 11
10000000000000000000011011001111 163 5 3 7 1693 3 5 17 3
10000000000000000000011011010011 3 4 5 3 7 4 3 4 11
10000000000000000000011011010101 859 2269 7 4 1327 3923 17 4 503
10000000000000000000011011011001 3 4 5 3 7 4 3 4 7
10000000000000000000011011011111 3 4 5 3 5 4 3 5 11
10000000000000000000011011100101 3 4 5 3 7 4 3 4 11
10000000000000000000011011100111 5 7 3 11 523 3 1867 157 3
10000000000000000000011011101011 3 107 3 3 13 3 3 11393 3
10000000000000000000011011110001 3 4 5 3 7 4 3 4 11
10000000000000000000011011110111 3 4 5 3 5 4 3 5 11
10000000000000000000011011111011 5 5 17 13 5 5 5 13 101
10000000000000000000011011111101 3 4 5 3 5 4 3 5 7
10000000000000000000011100000011 3 4 3 3 7 3 3 5 3
10000000000000000000011100000101 5 5 3 13 37 3 5 7 3
10000000000000000000011100001001 3 4 3 3 7 3 3 5 3
10000000000000000000011100001101 367 389 157 7 353 11 7 359 61
10000000000000000000011100001111 3 4 5 3 7 4 3 4 11
10000000000000000000011100010001 13 109 3 1297 257 3 11939 1873 3
10000000000000000000011100011001 5 17 277 11 2777 5 7 877199 19
10000000000000000000011100011011 3 4 5 3 7 4 3 4 11
10000000000000000000011100011101 19 7 2741 4 11 30559 43 4 7
10000000000000000000011100100001 3 4 3 3 7 3 3 5 3
10000000000000000000011100100111 3 4 5 3 7 4 3 4 11
10000000000000000000011100101011 11 217309 29 4 3593 19289 281 4 17
10000000000000000000011100101101 3 4 5 3 7 4 3 4 11
10000000000000000000011100101111 7 13 3 11 43 3 11 7 3
10000000000000000000011100110011 3 4 5 3 7 4 3 4 7
10000000000000000000011100110101 347 1709 179 4 521 11 41 4 5651
10000000000000000000011100111001 3 4 5 3 7 4 3 4 11
10000000000000000000011100111101 7 11 3 31 43 3 73 7 3
10000000000000000000011100111111 3 4 5 3 5 4 3 5 11
10000000000000000000011101000001 5 5 3 13 37 3 5 41 3
10000000000000000000011101000011 19 348269 15607 59 457 31 7 743 173
10000000000000000000011101000101 3 37 293 3 11 5801 3 43 461
10000000000000000000011101001001 37 11 7 53 2221 13 7 421 1907
10000000000000000000011101001011 3 4 5 3 7 4 3 4 11
10000000000000000000011101010001 3 7 13 3 31 11 3 11 7
10000000000000000000011101010101 5 4 17 4 37 4 5 4 101
10000000000000000000011101010111 3 11 3 3 1021 3 3 17 3
10000000000000000000011101011101 3 23 3 3 893111 3 3 37 3
10000000000000000000011101011111 5 5 17 13 5 5 5 41 59
10000000000000000000011101100011 3 4 5 3 7 4 3 4 11
10000000000000000000011101100111 7 5 3 31 29 3 5 7 3
10000000000000000000011101101001 3 4 5 3 7 4 3 4 7
10000000000000000000011101101101 11 1223 3 11 13 3 479 32353 3
10000000000000000000011101101111 3 4 5 3 5 4 3 5 11
